<?xml version="1.0" encoding="UTF-8"?>
<testng-results skipped="0" failed="0" ignored="0" total="1" passed="1">
  <reporter-output>
  </reporter-output>
  <suite name="Default suite" duration-ms="21340" started-at="2023-01-05T20:52:58 IST" finished-at="2023-01-05T20:53:19 IST">
    <groups>
    </groups>
    <test name="Default test" duration-ms="21340" started-at="2023-01-05T20:52:58 IST" finished-at="2023-01-05T20:53:19 IST">
      <class name="TestCases.TestCase_MyInfoPage">
        <test-method status="PASS" signature="OpenWebPage()[pri:0, instance:TestCases.TestCase_MyInfoPage@cb51256]" name="OpenWebPage" is-config="true" duration-ms="6961" started-at="2023-01-05T20:52:58 IST" finished-at="2023-01-05T20:53:05 IST">
          <reporter-output>
          </reporter-output>
        </test-method> <!-- OpenWebPage -->
        <test-method status="PASS" signature="inputMyInfoDetails()[pri:0, instance:TestCases.TestCase_MyInfoPage@cb51256]" name="inputMyInfoDetails" duration-ms="14318" started-at="2023-01-05T20:53:05 IST" finished-at="2023-01-05T20:53:19 IST">
          <reporter-output>
          </reporter-output>
        </test-method> <!-- inputMyInfoDetails -->
      </class> <!-- TestCases.TestCase_MyInfoPage -->
    </test> <!-- Default test -->
  </suite> <!-- Default suite -->
</testng-results>
